Determining if the C compiler works failed with the following output:
Change Dir: F:/Google Drive/учоба/3 семестр/САОД/cmake-build-debug/CMakeFiles/CMakeTmp

Run Build Command(s):C:/msys64/mingw64/bin/mingw32-make.exe cmTC_3f57e/fast && C:/msys64/mingw64/bin/mingw32-make.exe -f CMakeFiles\cmTC_3f57e.dir\build.make CMakeFiles/cmTC_3f57e.dir/build
mingw32-make[1]: Entering directory 'F:/Google Drive/єўюср/3 ёхьхёЄЁ/╤└╬─/cmake-build-debug/CMakeFiles/CMakeTmp'
Building C object CMakeFiles/cmTC_3f57e.dir/testCCompiler.c.obj
C:\msys64\mingw64\bin\gcc.exe    -o CMakeFiles\cmTC_3f57e.dir\testCCompiler.c.obj   -c "F:\Google Drive\╤Г╤З╨╛╨▒╨░\3 ╤Б╨╡╨╝╨╡╤Б╤В╤А\╨б╨Р╨Ю╨Ф\cmake-build-debug\CMakeFiles\CMakeTmp\testCCompiler.c"
gcc.exe: error: F:\Google Drive\╤Г╤З╨╛╨▒╨░\3 ╤Б╨╡╨╝╨╡╤Б╤В╤А\╨б╨Р╨Ю╨Ф\cmake-build-debug\CMakeFiles\CMakeTmp\testCCompiler.c: No such file or directory
gcc.exe: fatal error: no input files
compilation terminated.
mingw32-make[1]: *** [CMakeFiles\cmTC_3f57e.dir\build.make:65: CMakeFiles/cmTC_3f57e.dir/testCCompiler.c.obj] Error 1
mingw32-make[1]: Leaving directory 'F:/Google Drive/єўюср/3 ёхьхёЄЁ/╤└╬─/cmake-build-debug/CMakeFiles/CMakeTmp'
mingw32-make: *** [Makefile:120: cmTC_3f57e/fast] Error 2



Determining if the C compiler works failed with the following output:
Change Dir: F:/Google Drive/учоба/3 семестр/САОД/cmake-build-debug/CMakeFiles/CMakeTmp

Run Build Command(s):C:/msys64/mingw64/bin/mingw32-make.exe cmTC_42a1a/fast && C:/msys64/mingw64/bin/mingw32-make.exe -f CMakeFiles\cmTC_42a1a.dir\build.make CMakeFiles/cmTC_42a1a.dir/build
mingw32-make[1]: Entering directory 'F:/Google Drive/єўюср/3 ёхьхёЄЁ/╤└╬─/cmake-build-debug/CMakeFiles/CMakeTmp'
Building C object CMakeFiles/cmTC_42a1a.dir/testCCompiler.c.obj
C:\msys64\mingw64\bin\gcc.exe    -o CMakeFiles\cmTC_42a1a.dir\testCCompiler.c.obj   -c "F:\Google Drive\╤Г╤З╨╛╨▒╨░\3 ╤Б╨╡╨╝╨╡╤Б╤В╤А\╨б╨Р╨Ю╨Ф\cmake-build-debug\CMakeFiles\CMakeTmp\testCCompiler.c"
gcc.exe: error: F:\Google Drive\╤Г╤З╨╛╨▒╨░\3 ╤Б╨╡╨╝╨╡╤Б╤В╤А\╨б╨Р╨Ю╨Ф\cmake-build-debug\CMakeFiles\CMakeTmp\testCCompiler.c: No such file or directory
gcc.exe: fatal error: no input files
compilation terminated.
mingw32-make[1]: *** [CMakeFiles\cmTC_42a1a.dir\build.make:65: CMakeFiles/cmTC_42a1a.dir/testCCompiler.c.obj] Error 1
mingw32-make[1]: Leaving directory 'F:/Google Drive/єўюср/3 ёхьхёЄЁ/╤└╬─/cmake-build-debug/CMakeFiles/CMakeTmp'
mingw32-make: *** [Makefile:120: cmTC_42a1a/fast] Error 2



